0 verbose cli /usr/local/bin/node /usr/local/bin/npm
1 info using npm@8.19.4
2 info using node@v16.20.2
3 timing npm:load:whichnode Completed in 1ms
4 timing config:load:defaults Completed in 6ms
5 timing config:load:file:/usr/local/lib/node_modules/npm/npmrc Completed in 3ms
6 timing config:load:builtin Completed in 3ms
7 timing config:load:cli Completed in 6ms
8 timing config:load:env Completed in 1ms
9 timing config:load:file:/app/.npmrc Completed in 2ms
10 timing config:load:project Completed in 34ms
11 timing config:load:file:/root/.npmrc Completed in 2ms
12 timing config:load:user Completed in 2ms
13 timing config:load:file:/usr/local/etc/npmrc Completed in 6ms
14 timing config:load:global Completed in 6ms
15 timing config:load:validate Completed in 3ms
16 timing config:load:credentials Completed in 3ms
17 timing config:load:setEnvs Completed in 2ms
18 timing config:load Completed in 69ms
19 timing npm:load:configload Completed in 69ms
20 timing npm:load:mkdirpcache Completed in 18ms
21 timing npm:load:mkdirplogs Completed in 18ms
22 verbose title npm start
23 verbose argv "start"
24 timing npm:load:setTitle Completed in 4ms
25 timing config:load:flatten Completed in 14ms
26 timing npm:load:display Completed in 17ms
27 verbose logfile logs-max:10 dir:/app/.npm-cache/_logs
28 verbose logfile /app/.npm-cache/_logs/2024-12-07T09_45_43_008Z-debug-0.log
29 timing npm:load:logFile Completed in 60ms
30 timing npm:load:timers Completed in 0ms
31 timing npm:load:configScope Completed in 0ms
32 timing npm:load Completed in 200ms
33 silly logfile done cleaning log files
